1784119995888:help
1784120000422:habitant-list
1784120923927:el
1784120926511:hphl
1784120939232:help
1784120946535:habitant-list
1784121461529:help
1784121464877:habitant-list
1784121644964:help
1784121650386:chargement-list
1784121657403:chargement-init
1784121662769:habitant-list
1784121798841:help
1784121801551:init
1784121808800:hlist
1784122091407:help
1784122092770:init
1784122096002:slist
1784122128030:init
1784122130620:slist
1784122212581:init
1784122214379:slist
1784122245092:help*
1784122248635:help
1784122256258:clear
1784122262225:slist
1784122394931:init
1784122399376:s-list
1784122403896:s-renew
1784122470760:s-renew 1
1784122581400:-ew-
1784122596096:help
1784122607751:s-renew -i 1
1784122610439:init
1784122616489:s-renew -i 1
1784122624433:s-renew -i 2
1784122730023:s-renew
1784122738393:s-renew -i 1
1784122759159:s-renew --i 1
1784122854126:s-renew --help
1784123075804:st
1784123080516:tys
1784123085829:y
1784123089092:hita
1784123091806:hiee
1784123093582:c
1784123095148:isolrrr
1784123106231:history
1784123119462:help
1784123130949:s-renew --h
1784123138007:s-renew --help
1784124483883:init
1784124898519:1
1784124901867:init
1784125533170:i
1784125545747:init
1784126754764:help
1784126756748:init
1784126768972:s-renew --i --1
1784126780110:s-renew --i 1
1784126784466:s-renew
1784126792548:s-renew -i -1
1784126798603:s-list
1784126802274:h-list
1784126915954:hp
1784126917585:ni
1784126919554:elitit
1784126930307:init
1784126936779:s-renew -i 1
1784127029530:init
1784127036778:s-renew -i 1
1784127047728:h-list
1784127062088:s-renew -i 2
1784127199379:init
1784127203433:s-renew -i 1
1784181683573:help
1784181686607:init
1784181691498:help
1784181695658:s-list
1784181705674:s-renew -i 1
1784279178904:help
1784279181025:init
1784281046933:help
1784281049820:init
